Jun 13, 2021 12:59:15 PM gymer.utilities.LogFile createDeleteLog
INFO: 123456789 dtbn Đã xóa dịch vụ cõ mã : 613103 Lý do Thích thì xóa
Jun 13, 2021 1:24:52 PM gymer.utilities.LogFile createDeleteLog
INFO:   Đã xóa dịch vụ cõ mã : 113444 Lý do fad
Jun 13, 2021 1:24:59 PM gymer.utilities.LogFile createDeleteLog
INFO:   Đã xóa dịch vụ cõ mã : 109161 Lý do fa
Jun 13, 2021 1:27:01 PM gymer.utilities.LogFile createDeleteLog
INFO:   Đã xóa dịch vụ cõ mã : 98625 Lý do fsdf
Jun 13, 2021 2:36:44 PM gymer.utilities.LogFile createDeleteLog
INFO:   Đã xóa khách hàng cõ mã : 304163 Lý do dfsdf
Jun 13, 2021 2:37:48 PM gymer.utilities.LogFile createDeleteLog
INFO: 123456789 dtbn Đã xóa khách hàng cõ mã : 258326 Lý do asd
Jun 13, 2021 3:14:23 PM gymer.utilities.LogFile createDeleteLog
INFO: 123456789 dtbn Đã xóa nhân viên cõ mã : 826673 Lý do k yeu nua
Jun 13, 2021 3:16:21 PM gymer.utilities.LogFile createDeleteLog
INFO: 123456789 dtbn Đã xóa nhân viên cõ mã : 816735 Lý do dsf
Jun 13, 2021 3:17:46 PM gymer.utilities.LogFile createDeleteLog
INFO: 123456789 dtbn Đã xóa nhân viên cõ mã : 793229 Lý do ad
Jun 13, 2021 4:18:13 PM gymer.utilities.LogFile createDeleteLog
INFO: 718259 fsdfsdf Đã xóa nhân viên cõ mã : 750861 Lý do khogn biet
Jun 13, 2021 4:18:21 PM gymer.utilities.LogFile createDeleteLog
INFO: 718259 fsdfsdf Đã xóa nhân viên cõ mã : 696962 Lý do dasd
Jun 13, 2021 4:18:30 PM gymer.utilities.LogFile createDeleteLog
INFO: 718259 fsdfsdf Đã xóa nhân viên cõ mã : 859606 Lý do sdasd
Jun 13, 2021 4:18:43 PM gymer.utilities.LogFile createDeleteLog
INFO: 718259 fsdfsdf Đã xóa nhân viên cõ mã : 718259 Lý do tu huy
