Jun 13, 2021 4:23:10 PM gymer.utilities.LogFile createLoginLog
INFO: 949261 Đồng Xuân Luyện Đẵ đăng nhập
Jun 13, 2021 4:26:49 PM gymer.utilities.LogFile createLoginLog
INFO: 949261 Đồng Xuân Luyện Đẵ đăng nhập
Jun 13, 2021 4:27:45 PM gymer.utilities.LogFile createLoginLog
INFO: 949261 Đồng Xuân Luyện Đẵ đăng nhập
Jun 13, 2021 4:28:40 PM gymer.utilities.LogFile createLoginLog
INFO: 949261 Đồng Xuân Luyện Đẵ đăng nhập
Jun 13, 2021 4:30:11 PM gymer.utilities.LogFile createLoginLog
INFO: 949261 Đồng Xuân Luyện Đẵ đăng nhập
Jun 13, 2021 4:32:05 PM gymer.utilities.LogFile createLoginLog
INFO: 949261 Đồng Xuân Luyện Đẵ đăng nhập
Jun 13, 2021 4:34:44 PM gymer.utilities.LogFile createLoginLog
INFO: 949261 Đồng Xuân Luyện Đẵ đăng nhập
Jun 13, 2021 4:38:55 PM gymer.utilities.LogFile createLoginLog
INFO: 949261 Đồng Xuân Luyện Đẵ đăng nhập
Jun 13, 2021 4:39:17 PM gymer.utilities.LogFile createLoginLog
INFO: 949261 Đồng Xuân Luyện Đẵ đăng nhập
Jun 13, 2021 4:49:32 PM gymer.utilities.LogFile createLoginLog
INFO: 949261 Đồng Xuân Luyện Đẵ đăng nhập
Jun 13, 2021 4:50:22 PM gymer.utilities.LogFile createLoginLog
INFO: 949261 Đồng Xuân Luyện Đẵ đăng nhập
Jun 13, 2021 4:51:08 PM gymer.utilities.LogFile createLoginLog
INFO: 949261 Đồng Xuân Luyện Đẵ đăng nhập
Jun 13, 2021 4:52:20 PM gymer.utilities.LogFile createLoginLog
INFO: 873353 Đoàn Thị Bích Ngọc Đẵ đăng nhập
Jun 13, 2021 10:39:21 PM gymer.utilities.LogFile createLoginLog
INFO: 1  Đẵ đăng nhập
Jun 13, 2021 10:53:03 PM gymer.utilities.LogFile createLoginLog
INFO: 1 LINH Đẵ đăng nhập
