Jun 18, 2021 12:12:35 AM gymer.utilities.LogFile createLoginLog
INFO: 1 LINH Đẵ đăng nhập
Jun 18, 2021 12:21:47 AM gymer.utilities.LogFile createLoginLog
INFO: 1 LINH Đẵ đăng nhập
Jun 18, 2021 12:27:08 AM gymer.utilities.LogFile createLoginLog
INFO: 1 LINH Đẵ đăng nhập
Jun 18, 2021 12:43:11 AM gymer.utilities.LogFile createLoginLog
INFO: 1 LINH Đẵ đăng nhập
Jun 18, 2021 1:03:30 AM gymer.utilities.LogFile createLoginLog
INFO: 1 LINH Đẵ đăng nhập
Jun 18, 2021 1:06:11 AM gymer.utilities.LogFile createLoginLog
INFO: 1 LINH Đẵ đăng nhập
Jun 18, 2021 1:06:56 AM gymer.utilities.LogFile createLoginLog
INFO: 1 LINH Đẵ đăng nhập
Jun 18, 2021 1:12:22 AM gymer.utilities.LogFile createLoginLog
INFO: 1 LINH Đẵ đăng nhập
Jun 18, 2021 1:14:03 AM gymer.utilities.LogFile createLoginLog
INFO: 1 LINH Đẵ đăng nhập
Jun 18, 2021 1:16:31 AM gymer.utilities.LogFile createLoginLog
INFO: 1 LINH Đẵ đăng nhập
Jun 18, 2021 1:17:30 AM gymer.utilities.LogFile createDeleteLog
INFO: 1 LINH Đã xóa khách hàng cõ mã :  Lý do ko
Jun 18, 2021 1:18:40 AM gymer.utilities.LogFile createLoginLog
INFO: 1 LINH Đẵ đăng nhập
Jun 18, 2021 1:19:57 AM gymer.utilities.LogFile createLoginLog
INFO: 1 LINH Đẵ đăng nhập
Jun 18, 2021 1:21:35 AM gymer.utilities.LogFile createLoginLog
INFO: 1 LINH Đẵ đăng nhập
Jun 18, 2021 1:22:59 AM gymer.utilities.LogFile createLoginLog
INFO: 1 LINH Đẵ đăng nhập
Jun 18, 2021 1:24:04 AM gymer.utilities.LogFile createLoginLog
INFO: 1 LINH Đẵ đăng nhập
Jun 18, 2021 1:44:59 AM gymer.utilities.LogFile createLoginLog
INFO: 1 LINH Đẵ đăng nhập
Jun 18, 2021 11:35:19 AM gymer.utilities.LogFile createLoginLog
INFO: 1 LINH Đẵ đăng nhập
Jun 18, 2021 11:37:26 AM gymer.utilities.LogFile createLoginLog
INFO: 1 LINH Đẵ đăng nhập
Jun 18, 2021 11:59:13 AM gymer.utilities.LogFile createLoginLog
INFO: 1 LINH Đẵ đăng nhập
Jun 18, 2021 12:00:11 PM gymer.utilities.LogFile createLoginLog
INFO: 1 LINH Đẵ đăng nhập
Jun 18, 2021 12:08:03 PM gymer.utilities.LogFile createLoginLog
INFO: 1 LINH Đẵ đăng nhập
Jun 18, 2021 12:09:29 PM gymer.utilities.LogFile createLoginLog
INFO: 1 LINH Đẵ đăng nhập
Jun 18, 2021 12:11:14 PM gymer.utilities.LogFile createLoginLog
INFO: 1 LINH Đẵ đăng nhập
Jun 18, 2021 12:12:05 PM gymer.utilities.LogFile createLoginLog
INFO: 1 LINH Đẵ đăng nhập
Jun 18, 2021 12:18:31 PM gymer.utilities.LogFile createLoginLog
INFO: 1 LINH Đẵ đăng nhập
Jun 18, 2021 12:20:26 PM gymer.utilities.LogFile createLoginLog
INFO: 1 LINH Đẵ đăng nhập
Jun 18, 2021 12:23:36 PM gymer.utilities.LogFile createLoginLog
INFO: 1 LINH Đẵ đăng nhập
Jun 18, 2021 12:24:20 PM gymer.utilities.LogFile createLoginLog
INFO: 1 LINH Đẵ đăng nhập
Jun 18, 2021 12:28:49 PM gymer.utilities.LogFile createLoginLog
INFO: 1 LINH Đẵ đăng nhập
Jun 18, 2021 12:34:48 PM gymer.utilities.LogFile createLoginLog
INFO: 1 LINH Đẵ đăng nhập
Jun 18, 2021 1:03:37 PM gymer.utilities.LogFile createLoginLog
INFO: 1 LINH Đẵ đăng nhập
Jun 18, 2021 1:04:22 PM gymer.utilities.LogFile createLoginLog
INFO: 1 LINH Đẵ đăng nhập
Jun 18, 2021 1:07:17 PM gymer.utilities.LogFile createLoginLog
INFO: 1 LINH Đẵ đăng nhập
Jun 18, 2021 1:11:10 PM gymer.utilities.LogFile createLoginLog
INFO: 1 LINH Đẵ đăng nhập
Jun 18, 2021 1:21:41 PM gymer.utilities.LogFile createLoginLog
INFO: 1 LINH Đẵ đăng nhập
Jun 18, 2021 1:22:50 PM gymer.utilities.LogFile createLoginLog
INFO: 1 LINH Đẵ đăng nhập
Jun 18, 2021 1:26:56 PM gymer.utilities.LogFile createLoginLog
INFO: 1 LINH Đẵ đăng nhập
Jun 18, 2021 1:29:33 PM gymer.utilities.LogFile createLoginLog
INFO: 1 LINH Đẵ đăng nhập
Jun 18, 2021 1:32:26 PM gymer.utilities.LogFile createLoginLog
INFO: 1 LINH Đẵ đăng nhập
Jun 18, 2021 1:33:59 PM gymer.utilities.LogFile createLoginLog
INFO: 1 LINH Đẵ đăng nhập
Jun 18, 2021 1:58:13 PM gymer.utilities.LogFile createLoginLog
INFO: 1 LINH Đẵ đăng nhập
Jun 18, 2021 2:02:33 PM gymer.utilities.LogFile createLoginLog
INFO: 1 LINH Đẵ đăng nhập
Jun 18, 2021 2:03:43 PM gymer.utilities.LogFile createLoginLog
INFO: 1 LINH Đẵ đăng nhập
Jun 18, 2021 2:22:25 PM gymer.utilities.LogFile createLoginLog
INFO: 1 LINH Đẵ đăng nhập
Jun 18, 2021 2:31:24 PM gymer.utilities.LogFile createLoginLog
INFO: 1 LINH Đẵ đăng nhập
Jun 18, 2021 2:40:24 PM gymer.utilities.LogFile createLoginLog
INFO: 1 LINH Đẵ đăng nhập
Jun 18, 2021 2:41:50 PM gymer.utilities.LogFile createLoginLog
INFO: 1 LINH Đẵ đăng nhập
Jun 18, 2021 2:46:31 PM gymer.utilities.LogFile createLoginLog
INFO: 1 LINH Đẵ đăng nhập
Jun 18, 2021 2:58:18 PM gymer.utilities.LogFile createLoginLog
INFO: 1 LINH Đẵ đăng nhập
Jun 18, 2021 3:01:08 PM gymer.utilities.LogFile createLoginLog
INFO: 1 LINH Đẵ đăng nhập
Jun 18, 2021 3:13:08 PM gymer.utilities.LogFile createLoginLog
INFO: 1 LINH Đẵ đăng nhập
Jun 18, 2021 3:16:34 PM gymer.utilities.LogFile createLoginLog
INFO: 1 LINH Đẵ đăng nhập
Jun 18, 2021 3:17:52 PM gymer.utilities.LogFile createLoginLog
INFO: 65748 TIến  Đẵ đăng nhập
Jun 18, 2021 4:04:55 PM gymer.utilities.LogFile createLoginLog
INFO: 1 LINH Đẵ đăng nhập
Jun 18, 2021 4:14:53 PM gymer.utilities.LogFile createLoginLog
INFO: 1 LINH Đẵ đăng nhập
Jun 18, 2021 4:19:34 PM gymer.utilities.LogFile createLoginLog
INFO: 1 LINH Đẵ đăng nhập
Jun 18, 2021 4:20:24 PM gymer.utilities.LogFile createLoginLog
INFO: 1 LINH Đẵ đăng nhập
Jun 18, 2021 4:23:39 PM gymer.utilities.LogFile createLoginLog
INFO: 1 LINH Đẵ đăng nhập
Jun 18, 2021 4:23:55 PM gymer.utilities.LogFile createLoginLog
INFO: 1 LINH Đẵ đăng nhập
Jun 18, 2021 4:27:47 PM gymer.utilities.LogFile createLoginLog
INFO: 1 LINH Đẵ đăng nhập
Jun 18, 2021 4:29:32 PM gymer.utilities.LogFile createLoginLog
INFO: 1 LINH Đẵ đăng nhập
Jun 18, 2021 4:35:15 PM gymer.utilities.LogFile createLoginLog
INFO: 1 LINH Đẵ đăng nhập
Jun 18, 2021 5:09:32 PM gymer.utilities.LogFile createLoginLog
INFO: 1 LINH Đẵ đăng nhập
Jun 18, 2021 5:10:55 PM gymer.utilities.LogFile createLoginLog
INFO: 65748 TIến  Đẵ đăng nhập
Jun 18, 2021 5:15:59 PM gymer.utilities.LogFile createLoginLog
INFO: 1 LINH Đẵ đăng nhập
Jun 18, 2021 5:16:50 PM gymer.utilities.LogFile createLoginLog
INFO: 1 LINH Đẵ đăng nhập
Jun 18, 2021 5:18:57 PM gymer.utilities.LogFile createLoginLog
INFO: 1 LINH Đẵ đăng nhập
Jun 18, 2021 5:19:50 PM gymer.utilities.LogFile createLoginLog
INFO: 65748 TIến  Đẵ đăng nhập
Jun 18, 2021 5:23:02 PM gymer.utilities.LogFile createLoginLog
INFO: 65748 TIến  Đẵ đăng nhập
Jun 18, 2021 5:24:00 PM gymer.utilities.LogFile createLoginLog
INFO: 65748 TIến  Đẵ đăng nhập
Jun 18, 2021 5:32:15 PM gymer.utilities.LogFile createLoginLog
INFO: 65748 TIến  Đẵ đăng nhập
Jun 18, 2021 5:33:36 PM gymer.utilities.LogFile createLoginLog
INFO: 1 LINH Đẵ đăng nhập
Jun 18, 2021 5:35:20 PM gymer.utilities.LogFile createLoginLog
INFO: 65748 TIến  Đẵ đăng nhập
Jun 18, 2021 5:42:59 PM gymer.utilities.LogFile createLoginLog
INFO: 65748 TIến  Đẵ đăng nhập
Jun 18, 2021 5:45:56 PM gymer.utilities.LogFile createLoginLog
INFO: 1 LINH Đẵ đăng nhập
Jun 18, 2021 5:52:03 PM gymer.utilities.LogFile createLoginLog
INFO: 65748 TIến  Đẵ đăng nhập
Jun 18, 2021 5:54:23 PM gymer.utilities.LogFile createLoginLog
INFO: 1 LINH Đẵ đăng nhập
