Jun 19, 2021 10:54:44 AM gymer.utilities.LogFile createLoginLog
INFO: 1 LINH Đẵ đăng nhập
Jun 19, 2021 11:02:54 AM gymer.utilities.LogFile createLoginLog
INFO: 1 LINH Đẵ đăng nhập
Jun 19, 2021 11:03:54 AM gymer.utilities.LogFile createLoginLog
INFO: 1 LINH Đẵ đăng nhập
Jun 19, 2021 11:14:03 AM gymer.utilities.LogFile createLoginLog
INFO: 1 LINH Đẵ đăng nhập
Jun 19, 2021 11:21:08 AM gymer.utilities.LogFile createLoginLog
INFO: 1 LINH Đẵ đăng nhập
Jun 19, 2021 11:23:56 AM gymer.utilities.LogFile createLoginLog
INFO: 1 LINH Đẵ đăng nhập
Jun 19, 2021 2:37:43 PM gymer.utilities.LogFile createLoginLog
INFO: 65748 TIến  Đẵ đăng nhập
Jun 19, 2021 2:38:17 PM gymer.utilities.LogFile createLoginLog
INFO: 65748 TIến  Đẵ đăng nhập
Jun 19, 2021 2:41:10 PM gymer.utilities.LogFile createLoginLog
INFO: 1 LINH Đẵ đăng nhập
Jun 19, 2021 2:42:35 PM gymer.utilities.LogFile createLoginLog
INFO: 1 LINH Đẵ đăng nhập
Jun 19, 2021 3:07:37 PM gymer.utilities.LogFile createLoginLog
INFO: 1 LINH Đẵ đăng nhập
Jun 19, 2021 3:09:59 PM gymer.utilities.LogFile createLoginLog
INFO: 65748 TIến  Đẵ đăng nhập
Jun 19, 2021 3:16:06 PM gymer.utilities.LogFile createLoginLog
INFO: 1 LINH Đẵ đăng nhập
Jun 19, 2021 3:19:42 PM gymer.utilities.LogFile createLoginLog
INFO: 65748 TIến  Đẵ đăng nhập
Jun 19, 2021 3:26:19 PM gymer.utilities.LogFile createLoginLog
INFO: 1 LINH Đẵ đăng nhập
Jun 19, 2021 3:36:13 PM gymer.utilities.LogFile createLoginLog
INFO: 1 LINH Đẵ đăng nhập
Jun 19, 2021 3:43:20 PM gymer.utilities.LogFile createLoginLog
INFO: 1 LINH Đẵ đăng nhập
Jun 19, 2021 3:55:19 PM gymer.utilities.LogFile createLoginLog
INFO: 1 LINH Đẵ đăng nhập
Jun 19, 2021 3:56:10 PM gymer.utilities.LogFile createLoginLog
INFO: 1 LINH Đẵ đăng nhập
Jun 19, 2021 3:58:34 PM gymer.utilities.LogFile createLoginLog
INFO: 1 LINH Đẵ đăng nhập
Jun 19, 2021 4:00:31 PM gymer.utilities.LogFile createLoginLog
INFO: 1 LINH Đẵ đăng nhập
Jun 19, 2021 4:02:02 PM gymer.utilities.LogFile createLoginLog
INFO: 1 LINH Đẵ đăng nhập
Jun 19, 2021 4:05:54 PM gymer.utilities.LogFile createLoginLog
INFO: 1 LINH Đẵ đăng nhập
Jun 19, 2021 6:39:50 PM gymer.utilities.LogFile createLoginLog
INFO: 1 LINH Đẵ đăng nhập
Jun 19, 2021 6:49:00 PM gymer.utilities.LogFile createLoginLog
INFO: 1 LINH Đẵ đăng nhập
Jun 19, 2021 6:55:07 PM gymer.utilities.LogFile createLoginLog
INFO: 1 LINH Đẵ đăng nhập
Jun 19, 2021 6:55:39 PM gymer.utilities.LogFile createLoginLog
INFO: 65748 TIến  Đẵ đăng nhập
Jun 19, 2021 7:15:50 PM gymer.utilities.LogFile createLoginLog
INFO: 1 LINH Đẵ đăng nhập
Jun 19, 2021 7:25:18 PM gymer.utilities.LogFile createLoginLog
INFO: 1 LINH Đẵ đăng nhập
Jun 19, 2021 7:25:21 PM gymer.utilities.LogFile createLogOutLog
INFO: 1 LINH Đẵ đăng xuất
Jun 19, 2021 7:27:29 PM gymer.utilities.LogFile createLoginLog
INFO: 1 LINH Đẵ đăng nhập
Jun 19, 2021 7:27:35 PM gymer.utilities.LogFile createLogOutLog
INFO: 1 LINH Đẵ đăng xuất
Jun 19, 2021 7:27:48 PM gymer.utilities.LogFile createLoginLog
INFO: 65748 TIến  Đẵ đăng nhập
Jun 19, 2021 7:31:05 PM gymer.utilities.LogFile createLogOutLog
INFO: 65748 TIến  Đẵ đăng xuất
Jun 19, 2021 7:31:10 PM gymer.utilities.LogFile createLoginLog
INFO: 843365 h Đẵ đăng nhập
Jun 19, 2021 8:18:20 PM gymer.utilities.LogFile createDeleteLog
INFO: 843365 h Đã xóa nhân viên cõ mã : 277617 Lý do 
Jun 19, 2021 8:18:24 PM gymer.utilities.LogFile createDeleteLog
INFO: 843365 h Đã xóa nhân viên cõ mã : 65748 Lý do null
Jun 19, 2021 8:19:31 PM gymer.utilities.LogFile createDeleteLog
INFO: 843365 h Đã xóa nhân viên cõ mã : 711975 Lý do 
Jun 19, 2021 8:19:33 PM gymer.utilities.LogFile createLogOutLog
INFO: 843365 h Đẵ đăng xuất
Jun 19, 2021 8:22:52 PM gymer.utilities.LogFile createLoginLog
INFO: 1 LINH Đẵ đăng nhập
Jun 19, 2021 8:29:02 PM gymer.utilities.LogFile createLoginLog
INFO: 1 LINH Đẵ đăng nhập
Jun 19, 2021 8:38:03 PM gymer.utilities.LogFile createLoginLog
INFO: 1 LINH Đẵ đăng nhập
Jun 19, 2021 8:49:11 PM gymer.utilities.LogFile createLoginLog
INFO: 1 LINH Đẵ đăng nhập
Jun 19, 2021 9:06:04 PM gymer.utilities.LogFile createLoginLog
INFO: 1 LINH Đẵ đăng nhập
Jun 19, 2021 9:20:02 PM gymer.utilities.LogFile createLogOutLog
INFO: 1 LINH Đẵ đăng xuất
Jun 19, 2021 9:20:14 PM gymer.utilities.LogFile createLoginLog
INFO: 1 LINH Đẵ đăng nhập
Jun 19, 2021 9:23:57 PM gymer.utilities.LogFile createLogOutLog
INFO: 1 LINH Đẵ đăng xuất
Jun 19, 2021 9:24:08 PM gymer.utilities.LogFile createLoginLog
INFO: 843365 h Đẵ đăng nhập
Jun 19, 2021 9:59:32 PM gymer.utilities.LogFile createLoginLog
INFO: 1 LINH Đẵ đăng nhập
Jun 19, 2021 9:59:40 PM gymer.utilities.LogFile createLogOutLog
INFO: 1 LINH Đẵ đăng xuất
Jun 19, 2021 10:03:34 PM gymer.utilities.LogFile createLoginLog
INFO: 1 LINH Đẵ đăng nhập
Jun 19, 2021 10:07:05 PM gymer.utilities.LogFile createLoginLog
INFO: 843365 h Đẵ đăng nhập
Jun 19, 2021 10:08:01 PM gymer.utilities.LogFile createLoginLog
INFO: 843365 h Đẵ đăng nhập
Jun 19, 2021 10:10:52 PM gymer.utilities.LogFile createLoginLog
INFO: 843365 h Đẵ đăng nhập
Jun 19, 2021 10:11:47 PM gymer.utilities.LogFile createLogOutLog
INFO: 843365 h Đẵ đăng xuất
Jun 19, 2021 10:11:52 PM gymer.utilities.LogFile createLoginLog
INFO: 469946 j Đẵ đăng nhập
Jun 19, 2021 10:18:13 PM gymer.utilities.LogFile createLoginLog
INFO: 843365 h Đẵ đăng nhập
Jun 19, 2021 10:49:48 PM gymer.utilities.LogFile createLoginLog
INFO: 469946 j Đẵ đăng nhập
Jun 19, 2021 11:25:31 PM gymer.utilities.LogFile createLoginLog
INFO: 89613 hhhh Đẵ đăng nhập
Jun 19, 2021 11:57:46 PM gymer.utilities.LogFile createLoginLog
INFO: 89613 hhhh Đẵ đăng nhập
