Jun 27, 2021 7:06:21 PM gymer.utilities.LogFile createLoginLog
INFO: 1 dtbn Đẵ đăng nhập
Jun 27, 2021 7:07:31 PM gymer.utilities.LogFile createLoginLog
INFO: 1 dtbn Đẵ đăng nhập
Jun 27, 2021 7:08:24 PM gymer.utilities.LogFile createLoginLog
INFO: 1 dtbn Đẵ đăng nhập
Jun 27, 2021 7:08:47 PM gymer.utilities.LogFile createLoginLog
INFO: 1 dtbn Đẵ đăng nhập
Jun 27, 2021 7:16:42 PM gymer.utilities.LogFile createLogOutLog
INFO: 1 dtbn Đẵ đăng xuất
Jun 27, 2021 7:16:52 PM gymer.utilities.LogFile createLoginLog
INFO: 910355 admin Đẵ đăng nhập
Jun 27, 2021 7:20:24 PM gymer.utilities.LogFile createLoginLog
INFO: 1 dtbn Đẵ đăng nhập
Jun 27, 2021 7:20:31 PM gymer.utilities.LogFile createLoginLog
INFO: 865341 Tiến Đẵ đăng nhập
Jun 27, 2021 7:23:56 PM gymer.utilities.LogFile createLogOutLog
INFO: 865341 Tiến Đẵ đăng xuất
Jun 27, 2021 7:51:05 PM gymer.utilities.LogFile createLoginLog
INFO: 1 dtbn Đẵ đăng nhập
