Jun 20, 2021 8:25:25 PM gymer.utilities.LogFile createLoginLog
INFO: 509935 dtbn Đẵ đăng nhập
Jun 20, 2021 8:26:33 PM gymer.utilities.LogFile createLoginLog
INFO: 509935 dtbn Đẵ đăng nhập
Jun 20, 2021 8:27:36 PM gymer.utilities.LogFile createLoginLog
INFO: 509935 dtbn Đẵ đăng nhập
Jun 20, 2021 8:29:00 PM gymer.utilities.LogFile createLoginLog
INFO: 509935 dtbn Đẵ đăng nhập
Jun 20, 2021 8:51:01 PM gymer.utilities.LogFile createLoginLog
INFO: 509935 dtbn Đẵ đăng nhập
Jun 20, 2021 8:53:34 PM gymer.utilities.LogFile createLoginLog
INFO: 509935 dtbn Đẵ đăng nhập
Jun 20, 2021 8:54:31 PM gymer.utilities.LogFile createLoginLog
INFO: 509935 dtbn Đẵ đăng nhập
Jun 20, 2021 8:54:49 PM gymer.utilities.LogFile createLoginLog
INFO: 509935 dtbn Đẵ đăng nhập
Jun 20, 2021 9:02:55 PM gymer.utilities.LogFile createLoginLog
INFO: 509935 dtbn Đẵ đăng nhập
Jun 20, 2021 9:07:21 PM gymer.utilities.LogFile createLoginLog
INFO: 509935 dtbn Đẵ đăng nhập
Jun 20, 2021 9:07:33 PM gymer.utilities.LogFile createDeleteLog
INFO:   Đã xóa dịch vụ cõ mã : 776689 Lý do a
Jun 20, 2021 9:07:37 PM gymer.utilities.LogFile createDeleteLog
INFO:   Đã xóa dịch vụ cõ mã : 797553 Lý do a
Jun 20, 2021 9:07:40 PM gymer.utilities.LogFile createDeleteLog
INFO:   Đã xóa dịch vụ cõ mã : 813962 Lý do 
Jun 20, 2021 9:12:22 PM gymer.utilities.LogFile createLoginLog
INFO: 509935 dtbn Đẵ đăng nhập
Jun 20, 2021 9:13:04 PM gymer.utilities.LogFile createLoginLog
INFO: 509935 dtbn Đẵ đăng nhập
Jun 20, 2021 9:21:43 PM gymer.utilities.LogFile createLoginLog
INFO: 509935 dtbn Đẵ đăng nhập
Jun 20, 2021 9:22:07 PM gymer.utilities.LogFile createLoginLog
INFO: 509935 dtbn Đẵ đăng nhập
Jun 20, 2021 9:23:02 PM gymer.utilities.LogFile createLoginLog
INFO: 509935 dtbn Đẵ đăng nhập
