Jun 19, 2021 7:25:21 PM gymer.utilities.LogFile createLogOutLog
INFO: 1 LINH Đẵ đăng xuất
Jun 19, 2021 7:27:35 PM gymer.utilities.LogFile createLogOutLog
INFO: 1 LINH Đẵ đăng xuất
Jun 19, 2021 7:27:48 PM gymer.utilities.LogFile createLoginLog
INFO: 65748 TIến  Đẵ đăng nhập
Jun 19, 2021 7:31:05 PM gymer.utilities.LogFile createLogOutLog
INFO: 65748 TIến  Đẵ đăng xuất
Jun 19, 2021 7:31:10 PM gymer.utilities.LogFile createLoginLog
INFO: 843365 h Đẵ đăng nhập
Jun 19, 2021 8:18:20 PM gymer.utilities.LogFile createDeleteLog
INFO: 843365 h Đã xóa nhân viên cõ mã : 277617 Lý do 
Jun 19, 2021 8:18:24 PM gymer.utilities.LogFile createDeleteLog
INFO: 843365 h Đã xóa nhân viên cõ mã : 65748 Lý do null
Jun 19, 2021 8:19:31 PM gymer.utilities.LogFile createDeleteLog
INFO: 843365 h Đã xóa nhân viên cõ mã : 711975 Lý do 
Jun 19, 2021 8:19:33 PM gymer.utilities.LogFile createLogOutLog
INFO: 843365 h Đẵ đăng xuất
Jun 19, 2021 9:20:02 PM gymer.utilities.LogFile createLogOutLog
INFO: 1 LINH Đẵ đăng xuất
Jun 19, 2021 9:20:14 PM gymer.utilities.LogFile createLoginLog
INFO: 1 LINH Đẵ đăng nhập
Jun 19, 2021 9:23:57 PM gymer.utilities.LogFile createLogOutLog
INFO: 1 LINH Đẵ đăng xuất
Jun 19, 2021 9:24:08 PM gymer.utilities.LogFile createLoginLog
INFO: 843365 h Đẵ đăng nhập
Jun 19, 2021 9:59:40 PM gymer.utilities.LogFile createLogOutLog
INFO: 1 LINH Đẵ đăng xuất
Jun 19, 2021 10:11:47 PM gymer.utilities.LogFile createLogOutLog
INFO: 843365 h Đẵ đăng xuất
Jun 19, 2021 10:11:52 PM gymer.utilities.LogFile createLoginLog
INFO: 469946 j Đẵ đăng nhập
