Jul 04, 2021 11:12:49 AM gymer.utilities.LogFile createLoginLog
INFO: 1 dtbn Đẵ đăng nhập
Jul 04, 2021 11:46:07 AM gymer.utilities.LogFile createLoginLog
INFO: 1 dtbn Đẵ đăng nhập
Jul 04, 2021 11:48:30 AM gymer.utilities.LogFile createLoginLog
INFO: 1 dtbn Đẵ đăng nhập
Jul 04, 2021 11:51:09 AM gymer.utilities.LogFile createLoginLog
INFO: 1 dtbn Đẵ đăng nhập
Jul 04, 2021 12:07:05 PM gymer.utilities.LogFile createLoginLog
INFO: 1 dtbn Đẵ đăng nhập
Jul 04, 2021 12:07:29 PM gymer.utilities.LogFile createLoginLog
INFO: 1 dtbn Đẵ đăng nhập
Jul 04, 2021 12:14:57 PM gymer.utilities.LogFile createLoginLog
INFO: 1 dtbn Đẵ đăng nhập
Jul 04, 2021 12:17:20 PM gymer.utilities.LogFile createLoginLog
INFO: 1 dtbn Đẵ đăng nhập
Jul 04, 2021 12:19:52 PM gymer.utilities.LogFile createLoginLog
INFO: 1 dtbn Đẵ đăng nhập
Jul 04, 2021 12:23:03 PM gymer.utilities.LogFile createLoginLog
INFO: 1 dtbn Đẵ đăng nhập
Jul 04, 2021 12:25:22 PM gymer.utilities.LogFile createLoginLog
INFO: 1 dtbn Đẵ đăng nhập
Jul 04, 2021 12:26:17 PM gymer.utilities.LogFile createLoginLog
INFO: 1 dtbn Đẵ đăng nhập
Jul 04, 2021 12:29:17 PM gymer.utilities.LogFile createLoginLog
INFO: 1 dtbn Đẵ đăng nhập
Jul 04, 2021 12:30:25 PM gymer.utilities.LogFile createLoginLog
INFO: 1 dtbn Đẵ đăng nhập
Jul 04, 2021 12:32:40 PM gymer.utilities.LogFile createLoginLog
INFO: 1 dtbn Đẵ đăng nhập
Jul 04, 2021 12:34:38 PM gymer.utilities.LogFile createLoginLog
INFO: 1 dtbn Đẵ đăng nhập
Jul 04, 2021 12:35:31 PM gymer.utilities.LogFile createLoginLog
INFO: 1 dtbn Đẵ đăng nhập
Jul 04, 2021 12:37:22 PM gymer.utilities.LogFile createLoginLog
INFO: 1 dtbn Đẵ đăng nhập
Jul 04, 2021 12:42:16 PM gymer.utilities.LogFile createLoginLog
INFO: 1 dtbn Đẵ đăng nhập
Jul 04, 2021 12:43:15 PM gymer.utilities.LogFile createLoginLog
INFO: 1 dtbn Đẵ đăng nhập
Jul 04, 2021 12:44:19 PM gymer.utilities.LogFile createLoginLog
INFO: 1 dtbn Đẵ đăng nhập
Jul 04, 2021 12:46:45 PM gymer.utilities.LogFile createLoginLog
INFO: 1 dtbn Đẵ đăng nhập
Jul 04, 2021 1:04:01 PM gymer.utilities.LogFile createLoginLog
INFO: 1 dtbn Đẵ đăng nhập
Jul 04, 2021 1:04:49 PM gymer.utilities.LogFile createLoginLog
INFO: 1 dtbn Đẵ đăng nhập
Jul 04, 2021 1:09:59 PM gymer.utilities.LogFile createLoginLog
INFO: 1 dtbn Đẵ đăng nhập
Jul 04, 2021 1:11:35 PM gymer.utilities.LogFile createLoginLog
INFO: 1 dtbn Đẵ đăng nhập
Jul 04, 2021 1:17:49 PM gymer.utilities.LogFile createLoginLog
INFO: 1 dtbn Đẵ đăng nhập
Jul 04, 2021 1:18:42 PM gymer.utilities.LogFile createLoginLog
INFO: 1 dtbn Đẵ đăng nhập
Jul 04, 2021 1:21:08 PM gymer.utilities.LogFile createLoginLog
INFO: 1 dtbn Đẵ đăng nhập
Jul 04, 2021 1:24:53 PM gymer.utilities.LogFile createLoginLog
INFO: 1 dtbn Đẵ đăng nhập
Jul 04, 2021 1:26:55 PM gymer.utilities.LogFile createLoginLog
INFO: 1 dtbn Đẵ đăng nhập
Jul 04, 2021 1:28:45 PM gymer.utilities.LogFile createLoginLog
INFO: 1 dtbn Đẵ đăng nhập
Jul 04, 2021 1:30:20 PM gymer.utilities.LogFile createLoginLog
INFO: 1 dtbn Đẵ đăng nhập
Jul 04, 2021 1:33:35 PM gymer.utilities.LogFile createLoginLog
INFO: 1 dtbn Đẵ đăng nhập
Jul 04, 2021 1:42:20 PM gymer.utilities.LogFile createLoginLog
INFO: 1 dtbn Đẵ đăng nhập
Jul 04, 2021 1:52:24 PM gymer.utilities.LogFile createLoginLog
INFO: 1 dtbn Đẵ đăng nhập
Jul 04, 2021 1:54:43 PM gymer.utilities.LogFile createLoginLog
INFO: 1 dtbn Đẵ đăng nhập
Jul 04, 2021 1:57:15 PM gymer.utilities.LogFile createLoginLog
INFO: 1 dtbn Đẵ đăng nhập
Jul 04, 2021 1:59:27 PM gymer.utilities.LogFile createLoginLog
INFO: 1 dtbn Đẵ đăng nhập
Jul 04, 2021 2:04:43 PM gymer.utilities.LogFile createLoginLog
INFO: 1 dtbn Đẵ đăng nhập
Jul 04, 2021 2:11:15 PM gymer.utilities.LogFile createLoginLog
INFO: 1 dtbn Đẵ đăng nhập
Jul 04, 2021 2:12:37 PM gymer.utilities.LogFile createLoginLog
INFO: 1 dtbn Đẵ đăng nhập
Jul 04, 2021 2:18:56 PM gymer.utilities.LogFile createLoginLog
INFO: 1 dtbn Đẵ đăng nhập
Jul 04, 2021 2:21:42 PM gymer.utilities.LogFile createLoginLog
INFO: 1 dtbn Đẵ đăng nhập
Jul 04, 2021 2:23:53 PM gymer.utilities.LogFile createLoginLog
INFO: 1 dtbn Đẵ đăng nhập
Jul 04, 2021 2:26:07 PM gymer.utilities.LogFile createLoginLog
INFO: 1 dtbn Đẵ đăng nhập
Jul 04, 2021 2:29:06 PM gymer.utilities.LogFile createLoginLog
INFO: 1 dtbn Đẵ đăng nhập
Jul 04, 2021 2:38:04 PM gymer.utilities.LogFile createLoginLog
INFO: 1 dtbn Đẵ đăng nhập
Jul 04, 2021 2:43:43 PM gymer.utilities.LogFile createLoginLog
INFO: 1 dtbn Đẵ đăng nhập
Jul 04, 2021 2:44:30 PM gymer.utilities.LogFile createLoginLog
INFO: 1 dtbn Đẵ đăng nhập
Jul 04, 2021 2:44:49 PM gymer.utilities.LogFile createLoginLog
INFO: 1 dtbn Đẵ đăng nhập
Jul 04, 2021 2:45:10 PM gymer.utilities.LogFile createLoginLog
INFO: 1 dtbn Đẵ đăng nhập
Jul 04, 2021 2:46:31 PM gymer.utilities.LogFile createLoginLog
INFO: 1 dtbn Đẵ đăng nhập
Jul 04, 2021 2:47:37 PM gymer.utilities.LogFile createLoginLog
INFO: 1 dtbn Đẵ đăng nhập
Jul 04, 2021 2:50:05 PM gymer.utilities.LogFile createLoginLog
INFO: 1 dtbn Đẵ đăng nhập
Jul 04, 2021 2:51:09 PM gymer.utilities.LogFile createLoginLog
INFO: 1 dtbn Đẵ đăng nhập
Jul 04, 2021 2:54:11 PM gymer.utilities.LogFile createLoginLog
INFO: 1 dtbn Đẵ đăng nhập
Jul 04, 2021 2:55:12 PM gymer.utilities.LogFile createLoginLog
INFO: 1 dtbn Đẵ đăng nhập
Jul 04, 2021 2:55:34 PM gymer.utilities.LogFile createLoginLog
INFO: 1 dtbn Đẵ đăng nhập
Jul 04, 2021 2:58:58 PM gymer.utilities.LogFile createLoginLog
INFO: 1 dtbn Đẵ đăng nhập
Jul 04, 2021 3:02:05 PM gymer.utilities.LogFile createLoginLog
INFO: 1 dtbn Đẵ đăng nhập
Jul 04, 2021 3:05:10 PM gymer.utilities.LogFile createLoginLog
INFO: 1 dtbn Đẵ đăng nhập
Jul 04, 2021 3:06:13 PM gymer.utilities.LogFile createLoginLog
INFO: 1 dtbn Đẵ đăng nhập
Jul 04, 2021 3:07:43 PM gymer.utilities.LogFile createLoginLog
INFO: 1 dtbn Đẵ đăng nhập
Jul 04, 2021 3:08:48 PM gymer.utilities.LogFile createLoginLog
INFO: 1 dtbn Đẵ đăng nhập
Jul 04, 2021 3:11:50 PM gymer.utilities.LogFile createLoginLog
INFO: 1 dtbn Đẵ đăng nhập
Jul 04, 2021 3:18:38 PM gymer.utilities.LogFile createLoginLog
INFO: 1 dtbn Đẵ đăng nhập
Jul 04, 2021 3:23:17 PM gymer.utilities.LogFile createLoginLog
INFO: 1 dtbn Đẵ đăng nhập
Jul 04, 2021 3:23:41 PM gymer.utilities.LogFile createLoginLog
INFO: 1 dtbn Đẵ đăng nhập
Jul 04, 2021 3:24:08 PM gymer.utilities.LogFile createLoginLog
INFO: 1 dtbn Đẵ đăng nhập
Jul 04, 2021 3:24:36 PM gymer.utilities.LogFile createLoginLog
INFO: 1 dtbn Đẵ đăng nhập
Jul 04, 2021 3:25:32 PM gymer.utilities.LogFile createLoginLog
INFO: 1 dtbn Đẵ đăng nhập
Jul 04, 2021 3:27:25 PM gymer.utilities.LogFile createLoginLog
INFO: 1 dtbn Đẵ đăng nhập
Jul 04, 2021 3:40:51 PM gymer.utilities.LogFile createLoginLog
INFO: 1 dtbn Đẵ đăng nhập
Jul 04, 2021 3:48:45 PM gymer.utilities.LogFile createLoginLog
INFO: 1 dtbn Đẵ đăng nhập
Jul 04, 2021 3:49:57 PM gymer.utilities.LogFile createLoginLog
INFO: 1 dtbn Đẵ đăng nhập
Jul 04, 2021 3:58:14 PM gymer.utilities.LogFile createLoginLog
INFO: 1 dtbn Đẵ đăng nhập
Jul 04, 2021 3:59:00 PM gymer.utilities.LogFile createLoginLog
INFO: 1 dtbn Đẵ đăng nhập
Jul 04, 2021 3:59:23 PM gymer.utilities.LogFile createLoginLog
INFO: 1 dtbn Đẵ đăng nhập
Jul 04, 2021 4:13:00 PM gymer.utilities.LogFile createLoginLog
INFO: 1 dtbn Đẵ đăng nhập
Jul 04, 2021 4:28:12 PM gymer.utilities.LogFile createLoginLog
INFO: 1 dtbn Đẵ đăng nhập
Jul 04, 2021 4:35:47 PM gymer.utilities.LogFile createLoginLog
INFO: 1 dtbn Đẵ đăng nhập
Jul 04, 2021 4:40:02 PM gymer.utilities.LogFile createLoginLog
INFO: 1 dtbn Đẵ đăng nhập
Jul 04, 2021 4:40:38 PM gymer.utilities.LogFile createLoginLog
INFO: 1 dtbn Đẵ đăng nhập
Jul 04, 2021 4:40:49 PM gymer.utilities.LogFile createDeleteLog
INFO:   Đã xóa hóa đơn tập cõ mã : 142481 Lý do chans
Jul 04, 2021 4:41:28 PM gymer.utilities.LogFile createLoginLog
INFO: 1 dtbn Đẵ đăng nhập
Jul 04, 2021 4:41:36 PM gymer.utilities.LogFile createDeleteLog
INFO:   Đã xóa hóa đơn tập cõ mã : 70143 Lý do h
Jul 04, 2021 4:42:27 PM gymer.utilities.LogFile createLoginLog
INFO: 1 dtbn Đẵ đăng nhập
Jul 04, 2021 4:42:34 PM gymer.utilities.LogFile createDeleteLog
INFO:   Đã xóa hóa đơn tập cõ mã : 275041 Lý do d
Jul 04, 2021 7:26:22 PM gymer.utilities.LogFile createLoginLog
INFO: 1 dtbn Đẵ đăng nhập
Jul 04, 2021 7:27:56 PM gymer.utilities.LogFile createLoginLog
INFO: 1 dtbn Đẵ đăng nhập
Jul 04, 2021 7:28:55 PM gymer.utilities.LogFile createLoginLog
INFO: 1 dtbn Đẵ đăng nhập
Jul 04, 2021 7:30:34 PM gymer.utilities.LogFile createLoginLog
INFO: 1 dtbn Đẵ đăng nhập
Jul 04, 2021 7:37:26 PM gymer.utilities.LogFile createLoginLog
INFO: 1 dtbn Đẵ đăng nhập
Jul 04, 2021 7:39:28 PM gymer.utilities.LogFile createLoginLog
INFO: 1 dtbn Đẵ đăng nhập
Jul 04, 2021 7:40:50 PM gymer.utilities.LogFile createLoginLog
INFO: 1 dtbn Đẵ đăng nhập
Jul 04, 2021 7:41:45 PM gymer.utilities.LogFile createLoginLog
INFO: 1 dtbn Đẵ đăng nhập
Jul 04, 2021 7:42:39 PM gymer.utilities.LogFile createLoginLog
INFO: 1 dtbn Đẵ đăng nhập
Jul 04, 2021 7:42:56 PM gymer.utilities.LogFile createLoginLog
INFO: 1 dtbn Đẵ đăng nhập
Jul 04, 2021 7:43:52 PM gymer.utilities.LogFile createLoginLog
INFO: 1 dtbn Đẵ đăng nhập
Jul 04, 2021 7:44:32 PM gymer.utilities.LogFile createLoginLog
INFO: 1 dtbn Đẵ đăng nhập
Jul 04, 2021 7:45:25 PM gymer.utilities.LogFile createLoginLog
INFO: 1 dtbn Đẵ đăng nhập
Jul 04, 2021 7:46:01 PM gymer.utilities.LogFile createLoginLog
INFO: 1 dtbn Đẵ đăng nhập
Jul 04, 2021 7:46:42 PM gymer.utilities.LogFile createLoginLog
INFO: 1 dtbn Đẵ đăng nhập
Jul 04, 2021 7:47:18 PM gymer.utilities.LogFile createLoginLog
INFO: 1 dtbn Đẵ đăng nhập
Jul 04, 2021 7:48:29 PM gymer.utilities.LogFile createLoginLog
INFO: 1 dtbn Đẵ đăng nhập
Jul 04, 2021 7:50:03 PM gymer.utilities.LogFile createLoginLog
INFO: 1 dtbn Đẵ đăng nhập
Jul 04, 2021 7:51:38 PM gymer.utilities.LogFile createLoginLog
INFO: 1 dtbn Đẵ đăng nhập
Jul 04, 2021 7:52:39 PM gymer.utilities.LogFile createLoginLog
INFO: 1 dtbn Đẵ đăng nhập
Jul 04, 2021 7:53:23 PM gymer.utilities.LogFile createLoginLog
INFO: 1 dtbn Đẵ đăng nhập
Jul 04, 2021 7:53:49 PM gymer.utilities.LogFile createLoginLog
INFO: 1 dtbn Đẵ đăng nhập
Jul 04, 2021 7:54:28 PM gymer.utilities.LogFile createLoginLog
INFO: 1 dtbn Đẵ đăng nhập
Jul 04, 2021 7:55:25 PM gymer.utilities.LogFile createLoginLog
INFO: 1 dtbn Đẵ đăng nhập
Jul 04, 2021 7:56:29 PM gymer.utilities.LogFile createLoginLog
INFO: 1 dtbn Đẵ đăng nhập
Jul 04, 2021 7:57:27 PM gymer.utilities.LogFile createLoginLog
INFO: 1 dtbn Đẵ đăng nhập
Jul 04, 2021 7:59:00 PM gymer.utilities.LogFile createLoginLog
INFO: 1 dtbn Đẵ đăng nhập
Jul 04, 2021 7:59:48 PM gymer.utilities.LogFile createLoginLog
INFO: 1 dtbn Đẵ đăng nhập
Jul 04, 2021 8:01:17 PM gymer.utilities.LogFile createLoginLog
INFO: 1 dtbn Đẵ đăng nhập
Jul 04, 2021 8:02:49 PM gymer.utilities.LogFile createLoginLog
INFO: 1 dtbn Đẵ đăng nhập
Jul 04, 2021 8:07:15 PM gymer.utilities.LogFile createLoginLog
INFO: 1 dtbn Đẵ đăng nhập
Jul 04, 2021 8:08:56 PM gymer.utilities.LogFile createLoginLog
INFO: 1 dtbn Đẵ đăng nhập
Jul 04, 2021 8:09:40 PM gymer.utilities.LogFile createLoginLog
INFO: 1 dtbn Đẵ đăng nhập
