Aug 03, 2021 8:49:38 PM gymer.utilities.LogFile createLoginLog
INFO: 365201 adminn Đẵ đăng nhập
Aug 03, 2021 8:51:37 PM gymer.utilities.LogFile createLoginLog
INFO: 365201 adminn Đẵ đăng nhập
Aug 03, 2021 8:53:52 PM gymer.utilities.LogFile createLoginLog
INFO: 365201 adminn Đẵ đăng nhập
Aug 03, 2021 8:54:14 PM gymer.utilities.LogFile createDeleteLog
INFO:   Đã xóa thẻ cõ mã : 382850 Lý do fsdf
Aug 03, 2021 8:59:26 PM gymer.utilities.LogFile createLoginLog
INFO: 365201 adminn Đẵ đăng nhập
Aug 03, 2021 9:02:30 PM gymer.utilities.LogFile createLoginLog
INFO: 365201 adminn Đẵ đăng nhập
Aug 03, 2021 9:02:37 PM gymer.utilities.LogFile createDeleteLog
INFO: 365201 adminn Đã xóa khách hàng cõ mã : 134223 Lý do asasd
Aug 03, 2021 9:04:00 PM gymer.utilities.LogFile createDeleteLog
INFO:   Đã xóa thiết bị cõ mã : 28353 Lý do af
Aug 03, 2021 9:04:09 PM gymer.utilities.LogFile createDeleteLog
INFO:   Đã xóa thiết bị cõ mã : 46089 Lý do fsa
Aug 03, 2021 9:04:38 PM gymer.utilities.LogFile createDeleteLog
INFO: 365201 adminn Đã xóa thiết bị cõ mã : 255721 Lý do adf
Aug 03, 2021 9:05:08 PM gymer.utilities.LogFile createDeleteLog
INFO:   Đã xóa dịch vụ cõ mã : 489217 Lý do fdf
Aug 03, 2021 9:09:00 PM gymer.utilities.LogFile createLoginLog
INFO: 365201 adminn Đẵ đăng nhập
Aug 03, 2021 9:15:25 PM gymer.utilities.LogFile createLoginLog
INFO: 365201 adminn Đẵ đăng nhập
Aug 03, 2021 9:17:27 PM gymer.utilities.LogFile createLoginLog
INFO: 365201 adminn Đẵ đăng nhập
Aug 03, 2021 9:17:58 PM gymer.utilities.LogFile createLoginLog
INFO: 365201 adminn Đẵ đăng nhập
Aug 03, 2021 9:18:40 PM gymer.utilities.LogFile createLoginLog
INFO: 365201 adminn Đẵ đăng nhập
Aug 03, 2021 9:21:55 PM gymer.utilities.LogFile createLoginLog
INFO: 365201 adminn Đẵ đăng nhập
Aug 03, 2021 9:25:47 PM gymer.utilities.LogFile createLoginLog
INFO: 365201 adminn Đẵ đăng nhập
Aug 03, 2021 9:28:35 PM gymer.utilities.LogFile createLoginLog
INFO: 365201 adminn Đẵ đăng nhập
Aug 03, 2021 9:42:46 PM gymer.utilities.LogFile createLoginLog
INFO: 365201 adminn Đẵ đăng nhập
Aug 03, 2021 9:45:45 PM gymer.utilities.LogFile createLoginLog
INFO: 365201 adminn Đẵ đăng nhập
Aug 03, 2021 9:46:01 PM gymer.utilities.LogFile createLoginLog
INFO: 365201 adminn Đẵ đăng nhập
Aug 03, 2021 9:47:14 PM gymer.utilities.LogFile createLoginLog
INFO: 365201 adminn Đẵ đăng nhập
Aug 03, 2021 9:47:38 PM gymer.utilities.LogFile createLoginLog
INFO: 365201 adminn Đẵ đăng nhập
Aug 03, 2021 9:48:42 PM gymer.utilities.LogFile createLoginLog
INFO: 365201 adminn Đẵ đăng nhập
Aug 03, 2021 9:49:08 PM gymer.utilities.LogFile createLoginLog
INFO: 365201 adminn Đẵ đăng nhập
Aug 03, 2021 9:49:54 PM gymer.utilities.LogFile createLoginLog
INFO: 365201 adminn Đẵ đăng nhập
Aug 03, 2021 9:53:46 PM gymer.utilities.LogFile createLoginLog
INFO: 365201 adminn Đẵ đăng nhập
