Jul 05, 2021 11:54:37 AM gymer.utilities.LogFile createLoginLog
INFO: 1 dtbn Đẵ đăng nhập
Jul 05, 2021 11:55:36 AM gymer.utilities.LogFile createLoginLog
INFO: 1 dtbn Đẵ đăng nhập
Jul 05, 2021 12:18:15 PM gymer.utilities.LogFile createLoginLog
INFO: 1 dtbn Đẵ đăng nhập
Jul 05, 2021 12:18:44 PM gymer.utilities.LogFile createLoginLog
INFO: 1 dtbn Đẵ đăng nhập
Jul 05, 2021 12:19:27 PM gymer.utilities.LogFile createLoginLog
INFO: 1 dtbn Đẵ đăng nhập
Jul 05, 2021 12:42:33 PM gymer.utilities.LogFile createLoginLog
INFO: 1 dtbn Đẵ đăng nhập
Jul 05, 2021 12:43:13 PM gymer.utilities.LogFile createLoginLog
INFO: 1 dtbn Đẵ đăng nhập
Jul 05, 2021 12:45:21 PM gymer.utilities.LogFile createLoginLog
INFO: 1 dtbn Đẵ đăng nhập
Jul 05, 2021 12:45:52 PM gymer.utilities.LogFile createLoginLog
INFO: 1 dtbn Đẵ đăng nhập
Jul 05, 2021 12:46:29 PM gymer.utilities.LogFile createLoginLog
INFO: 1 dtbn Đẵ đăng nhập
Jul 05, 2021 12:56:23 PM gymer.utilities.LogFile createLoginLog
INFO: 1 dtbn Đẵ đăng nhập
Jul 05, 2021 12:57:28 PM gymer.utilities.LogFile createLoginLog
INFO: 1 dtbn Đẵ đăng nhập
Jul 05, 2021 12:59:43 PM gymer.utilities.LogFile createLoginLog
INFO: 1 dtbn Đẵ đăng nhập
Jul 05, 2021 1:00:29 PM gymer.utilities.LogFile createLoginLog
INFO: 1 dtbn Đẵ đăng nhập
Jul 05, 2021 1:01:25 PM gymer.utilities.LogFile createLoginLog
INFO: 1 dtbn Đẵ đăng nhập
Jul 05, 2021 1:04:49 PM gymer.utilities.LogFile createLoginLog
INFO: 1 dtbn Đẵ đăng nhập
Jul 05, 2021 1:11:02 PM gymer.utilities.LogFile createLoginLog
INFO: 1 dtbn Đẵ đăng nhập
Jul 05, 2021 1:17:07 PM gymer.utilities.LogFile createLoginLog
INFO: 1 dtbn Đẵ đăng nhập
Jul 05, 2021 1:20:30 PM gymer.utilities.LogFile createLoginLog
INFO: 1 dtbn Đẵ đăng nhập
Jul 05, 2021 1:21:01 PM gymer.utilities.LogFile createLoginLog
INFO: 1 dtbn Đẵ đăng nhập
Jul 05, 2021 1:22:10 PM gymer.utilities.LogFile createLoginLog
INFO: 1 dtbn Đẵ đăng nhập
Jul 05, 2021 1:24:11 PM gymer.utilities.LogFile createLoginLog
INFO: 1 dtbn Đẵ đăng nhập
Jul 05, 2021 1:24:21 PM gymer.utilities.LogFile createDeleteLog
INFO:   Đã xóa hóa đơn hàng cõ mã : 684034 Lý do gdh
Jul 05, 2021 1:24:28 PM gymer.utilities.LogFile createDeleteLog
INFO:   Đã xóa hóa đơn hàng cõ mã : 659367 Lý do 
Jul 05, 2021 1:25:37 PM gymer.utilities.LogFile createLoginLog
INFO: 1 dtbn Đẵ đăng nhập
Jul 05, 2021 1:25:44 PM gymer.utilities.LogFile createDeleteLog
INFO:   Đã xóa hóa đơn hàng cõ mã : 436822 Lý do 
Jul 05, 2021 1:25:48 PM gymer.utilities.LogFile createDeleteLog
INFO:   Đã xóa hóa đơn hàng cõ mã : 181245 Lý do 
